<?xml version="1.0" encoding="UTF-8"?>
<testng-results ignored="0" total="1" passed="1" failed="0" skipped="0">
  <reporter-output>
  </reporter-output>
  <suite started-at="2021-08-04T21:21:30 IST" name="Default suite" finished-at="2021-08-04T21:22:36 IST" duration-ms="66331">
    <groups>
    </groups>
    <test started-at="2021-08-04T21:21:30 IST" name="Default test" finished-at="2021-08-04T21:22:36 IST" duration-ms="66331">
      <class name="tests.ComposeSikulix">
        <test-method is-config="true" signature="openbrowser()[pri:0, instance:tests.ComposeSikulix@611889f4]" started-at="2021-08-04T21:21:30 IST" name="openbrowser" finished-at="2021-08-04T21:21:45 IST" duration-ms="15044" status="PASS">
          <reporter-output>
          </reporter-output>
        </test-method> <!-- openbrowser -->
        <test-method signature="composeMail()[pri:0, instance:tests.ComposeSikulix@611889f4]" started-at="2021-08-04T21:21:45 IST" name="composeMail" finished-at="2021-08-04T21:22:36 IST" duration-ms="50877" status="PASS">
          <reporter-output>
          </reporter-output>
        </test-method> <!-- composeMail -->
      </class> <!-- tests.ComposeSikulix -->
    </test> <!-- Default test -->
  </suite> <!-- Default suite -->
</testng-results>
