<?xml version="1.0" encoding="UTF-8"?>
<testsuite xmlns:xsi="http://www.w3.org/2001/XMLSchema-instance" xsi:noNamespaceSchemaLocation="https://maven.apache.org/surefire/maven-surefire-plugin/xsd/surefire-test-report-3.0.xsd" version="3.0" name="TestSuite" time="133.371" tests="3" errors="0" skipped="0" failures="2">
  <properties>
[...]
</properties>
  <testcase name="runScenario" classname="tests.Runner1smoketest" time="34.853"/>
  <testcase name="runScenario" classname="tests.Runner1smoketest" time="84.377">
    <failure message="expected [true] but found [false]" type="java.lang.AssertionError">java.lang.AssertionError: expected [true] but found [false]
</failure>
    <system-out><![CDATA[
@Smoketest
Scenario Outline: validate login details                       # src/test/resources/features/f1.feature:22

    "validate login details" execution started

  Given Launch site using "chrome" browser                     # gluecode.StepDefs1.launch_site_using_browser(java.lang.String)
  And Lunch site                                               # gluecode.StepDefs1.launchsite()
  When enter userid as "msdet21"                               # gluecode.StepDefs1.enter_userid_as(java.lang.String)
  And click userid next button                                 # gluecode.StepDefs1.click_userid_next_button()

    valid uid test passed

  And validate outcome related to userid criteria as "valid"   # gluecode.StepDefs1.validate_outcome_related_to_userid_criteria_as(java.lang.String)
  And enter password  "Learn@123"                              # gluecode.StepDefs1.enter_password(java.lang.String)
  And click pwd next button                                    # gluecode.StepDefs1.click_pwd_next_button()

    Embedding no such element: Unable to locate element: {"method":"xpath","selector":"//span[text()='Mail']"}
  (Session info: chrome=92.0.4515.131)
For documentation on this error, please visit: https://selenium.dev/exceptions/#no_such_element
Build info: version: '4.0.0-beta-3', revision: '5d108f9a67'
System info: host: 'DESKTOP-61MM6P5', ip: '192.168.29.61', os.name: 'Windows 10', os.arch: 'amd64', os.version: '10.0', java.version: '1.8.0_281'
Driver info: org.openqa.selenium.chrome.ChromeDriver
Command: [07b4f21862b491cf0240b795a589e4c6, findElement {using=xpath, value=//span[text()='Mail']}]
Capabilities {acceptInsecureCerts: false, browserName: chrome, browserVersion: 92.0.4515.131, chrome: {chromedriverVersion: 92.0.4515.107 (87a818b10553..., userDataDir: C:\Users\Dell\AppData\Local...}, goog:chromeOptions: {debuggerAddress: localhost:63276}, javascriptEnabled: true, networkConnectionEnabled: false, pageLoadStrategy: normal, platform: WINDOWS, platformName: WINDOWS, proxy: Proxy(), se:cdp: ws://localhost:63276/devtoo..., se:cdpVersion: 92.0.4515.131, setWindowRect: true, strictFileInteractability: false, timeouts: {implicit: 0, pageLoad: 300000, script: 30000}, unhandledPromptBehavior: dismiss and notify, webauthn:extension:credBlob: true, webauthn:extension:largeBlob: true, webauthn:virtualAuthenticators: true}
Session ID: 07b4f21862b491cf0240b795a589e4c6 [image/png 362703 bytes]

  And validate outcome related to password criteria as "valid" # gluecode.StepDefs1.validate_outcome_related_to_password_criteria_as(java.lang.String)
      java.lang.AssertionError: expected [true] but found [false]
	at org.testng.Assert.fail(Assert.java:99)
	at org.testng.Assert.failNotEquals(Assert.java:1037)
	at org.testng.Assert.assertTrue(Assert.java:45)
	at org.testng.Assert.assertTrue(Assert.java:55)
	at gluecode.StepDefs1.validate_outcome_related_to_password_criteria_as(StepDefs1.java:189)
	at âœ½.validate outcome related to password criteria as "valid"(file:///E:/selenium-self-practice/org.yahoo.TDD-BDD-pico/src/test/resources/features/f1.feature:16)

  Then quite site                                              # gluecode.StepDefs1.quite_site()

    "validate login details execution finished and status is FAILED

]]></system-out>
    <system-err><![CDATA[Starting ChromeDriver 92.0.4515.107 (87a818b10553a07434ea9e2b6dccf3cbe7895134-refs/branch-heads/4515@{#1634}) on port 20254
Only local connections are allowed.
Please see https://chromedriver.chromium.org/security-considerations for suggestions on keeping ChromeDriver safe.
ChromeDriver was started successfully.
Aug 04, 2021 12:54:38 PM org.openqa.selenium.remote.ProtocolHandshake createSession
INFO: Detected dialect: W3C
Aug 04, 2021 12:54:38 PM org.openqa.selenium.devtools.CdpVersionFinder findNearestMatch
WARNING: Unable to find an exact match for CDP version 92, so returning the closest version found: 91
Aug 04, 2021 12:54:38 PM org.openqa.selenium.devtools.CdpVersionFinder findNearestMatch
INFO: Found CDP implementation for version 92 of 91
]]></system-err>
  </testcase>
  <testcase name="runScenario" classname="tests.Runner1smoketest" time="5.159">
    <failure message="Could not start a new session. Response code 400. Message: Unrecognised option moz:debuggerAddress&#10;Build info: version: &apos;4.0.0-beta-3&apos;, revision: &apos;5d108f9a67&apos;&#10;System info: host: &apos;DESKTOP-61MM6P5&apos;, ip: &apos;192.168.29.61&apos;, os.name: &apos;Windows 10&apos;, os.arch: &apos;amd64&apos;, os.version: &apos;10.0&apos;, java.version: &apos;1.8.0_281&apos;&#10;Driver info: org.openqa.selenium.firefox.FirefoxDriver&#10;Command: [null, newSession {desiredCapabilities=Capabilities {acceptInsecureCerts: true, browserName: firefox, moz:debuggerAddress: true, moz:firefoxOptions: {}}}]" type="org.openqa.selenium.SessionNotCreatedException">org.openqa.selenium.SessionNotCreatedException: 
Could not start a new session. Response code 400. Message: Unrecognised option moz:debuggerAddress
Build info: version: '4.0.0-beta-3', revision: '5d108f9a67'
System info: host: 'DESKTOP-61MM6P5', ip: '192.168.29.61', os.name: 'Windows 10', os.arch: 'amd64', os.version: '10.0', java.version: '1.8.0_281'
Driver info: org.openqa.selenium.firefox.FirefoxDriver
Command: [null, newSession {desiredCapabilities=Capabilities {acceptInsecureCerts: true, browserName: firefox, moz:debuggerAddress: true, moz:firefoxOptions: {}}}]
</failure>
    <system-out><![CDATA[
@Smoketest
Scenario: validate yahoo compose mail                                                                                # src/test/resources/features/f4exceldata.feature:8

    "validate yahoo compose mail" execution started

  Given Launch site using "firefox" browser                                                                          # gluecode.StepDefs1.launch_site_using_browser(java.lang.String)
      org.openqa.selenium.SessionNotCreatedException: Could not start a new session. Response code 400. Message: Unrecognised option moz:debuggerAddress
Build info: version: '4.0.0-beta-3', revision: '5d108f9a67'
System info: host: 'DESKTOP-61MM6P5', ip: '192.168.29.61', os.name: 'Windows 10', os.arch: 'amd64', os.version: '10.0', java.version: '1.8.0_281'
Driver info: org.openqa.selenium.firefox.FirefoxDriver
Command: [null, newSession {desiredCapabilities=Capabilities {acceptInsecureCerts: true, browserName: firefox, moz:debuggerAddress: true, moz:firefoxOptions: {}}}]
	at org.openqa.selenium.remote.ProtocolHandshake.createSession(ProtocolHandshake.java:126)
	at org.openqa.selenium.remote.ProtocolHandshake.createSession(ProtocolHandshake.java:84)
	at org.openqa.selenium.remote.ProtocolHandshake.createSession(ProtocolHandshake.java:62)
	at org.openqa.selenium.remote.HttpCommandExecutor.execute(HttpCommandExecutor.java:156)
	at org.openqa.selenium.remote.service.DriverCommandExecutor.invokeExecute(DriverCommandExecutor.java:153)
	at org.openqa.selenium.remote.service.DriverCommandExecutor.execute(DriverCommandExecutor.java:128)
	at org.openqa.selenium.remote.RemoteWebDriver.execute(RemoteWebDriver.java:619)
	at org.openqa.selenium.remote.RemoteWebDriver.startSession(RemoteWebDriver.java:251)
	at org.openqa.selenium.remote.RemoteWebDriver.<init>(RemoteWebDriver.java:173)
	at org.openqa.selenium.firefox.FirefoxDriver.<init>(FirefoxDriver.java:205)
	at org.openqa.selenium.firefox.FirefoxDriver.<init>(FirefoxDriver.java:193)
	at org.openqa.selenium.firefox.FirefoxDriver.<init>(FirefoxDriver.java:171)
	at utilities.WebsitUtility.OpenBrowser(WebsitUtility.java:54)
	at gluecode.StepDefs1.launch_site_using_browser(StepDefs1.java:49)
	at âœ½.Launch site using "firefox" browser(file:///E:/selenium-self-practice/org.yahoo.TDD-BDD-pico/src/test/resources/features/f4exceldata.feature:5)

  And Lunch site                                                                                                     # gluecode.StepDefs1.launchsite()
  When enter userid as "msdet21"                                                                                     # gluecode.StepDefs1.enter_userid_as(java.lang.String)
  And click userid next button                                                                                       # gluecode.StepDefs1.click_userid_next_button()
  And enter password  "Learn@123"                                                                                    # gluecode.StepDefs1.enter_password(java.lang.String)
  And click pwd next button                                                                                          # gluecode.StepDefs1.click_pwd_next_button()
  Then validate login page                                                                                           # gluecode.StepDefs1.validate_login()
  Then compose a mail by taking data from EXcel file using "src\\test\\resources\\testdatafiles\\composemailto.xlsx" # gluecode.StepDefs2.compose_using_excelfiledata(java.lang.String)
  Then logout mail                                                                                                   # gluecode.StepDefs1.dologout()
  And quite site                                                                                                     # gluecode.StepDefs1.quite_site()

    "validate yahoo compose mail execution finished and status is FAILED

]]></system-out>
  </testcase>
</testsuite>