<?xml version="1.0" encoding="UTF-8"?>
<testng-results ignored="0" total="1" passed="1" failed="0" skipped="0">
  <reporter-output>
  </reporter-output>
  <suite started-at="2021-08-10T15:29:38 IST" name="Suite" finished-at="2021-08-10T15:29:38 IST" duration-ms="59">
    <groups>
    </groups>
    <test started-at="2021-08-10T15:29:38 IST" name="Test" finished-at="2021-08-10T15:29:38 IST" duration-ms="59">
      <class name="mypack.Calculation">
        <test-method signature="addition()[pri:0, instance:mypack.Calculation@3cebbb30]" started-at="2021-08-10T15:29:38 IST" name="addition" finished-at="2021-08-10T15:29:38 IST" duration-ms="8" status="PASS">
          <reporter-output>
          </reporter-output>
        </test-method> <!-- addition -->
      </class> <!-- mypack.Calculation -->
    </test> <!-- Test -->
  </suite> <!-- Suite -->
</testng-results>
