<?xml version="1.0" encoding="UTF-8"?>
<testng-results ignored="0" total="3" passed="3" failed="0" skipped="0">
  <reporter-output>
  </reporter-output>
  <suite started-at="2021-07-20T14:52:47 IST" name="Suite" finished-at="2021-07-20T14:58:44 IST" duration-ms="356535">
    <groups>
      <group name="cucumber">
        <method signature="AbstractTestNGCucumberTests.runScenario(io.cucumber.testng.PickleWrapper,io.cucumber.testng.FeatureWrapper)[pri:0, instance:tests.Runner1smoketest@72cc7e6f]" name="runScenario" class="io.cucumber.testng.AbstractTestNGCucumberTests"/>
      </group> <!-- cucumber -->
    </groups>
    <test started-at="2021-07-20T14:52:47 IST" name="Test" finished-at="2021-07-20T14:58:44 IST" duration-ms="356535">
      <class name="tests.Runner1smoketest">
        <test-method is-config="true" signature="setUpClass()[pri:0, instance:tests.Runner1smoketest@72cc7e6f]" started-at="2021-07-20T14:52:47 IST" name="setUpClass" finished-at="2021-07-20T14:52:48 IST" duration-ms="1137" status="PASS">
          <reporter-output>
          </reporter-output>
        </test-method> <!-- setUpClass -->
        <test-method signature="runScenario(io.cucumber.testng.PickleWrapper,io.cucumber.testng.FeatureWrapper)[pri:0, instance:tests.Runner1smoketest@72cc7e6f]" started-at="2021-07-20T14:52:48 IST" name="runScenario" description="Runs Cucumber Scenarios" data-provider="scenarios" finished-at="2021-07-20T14:54:24 IST" duration-ms="95965" status="PASS">
          <params>
            <param index="0">
              <value>
                <![CDATA["Validate yahoo home page title"]]>
              </value>
            </param>
            <param index="1">
              <value>
                <![CDATA["Optional[Yahoo Login]"]]>
              </value>
            </param>
          </params>
          <reporter-output>
          </reporter-output>
        </test-method> <!-- runScenario -->
        <test-method signature="runScenario(io.cucumber.testng.PickleWrapper,io.cucumber.testng.FeatureWrapper)[pri:0, instance:tests.Runner1smoketest@72cc7e6f]" started-at="2021-07-20T14:54:24 IST" name="runScenario" description="Runs Cucumber Scenarios" data-provider="scenarios" finished-at="2021-07-20T14:56:17 IST" duration-ms="112915" status="PASS">
          <params>
            <param index="0">
              <value>
                <![CDATA["validate login details"]]>
              </value>
            </param>
            <param index="1">
              <value>
                <![CDATA["Optional[Yahoo Login]"]]>
              </value>
            </param>
          </params>
          <reporter-output>
          </reporter-output>
        </test-method> <!-- runScenario -->
        <test-method signature="runScenario(io.cucumber.testng.PickleWrapper,io.cucumber.testng.FeatureWrapper)[pri:0, instance:tests.Runner1smoketest@72cc7e6f]" started-at="2021-07-20T14:56:17 IST" name="runScenario" description="Runs Cucumber Scenarios" data-provider="scenarios" finished-at="2021-07-20T14:58:43 IST" duration-ms="145902" status="PASS">
          <params>
            <param index="0">
              <value>
                <![CDATA["validate yahoo compose mail"]]>
              </value>
            </param>
            <param index="1">
              <value>
                <![CDATA["Optional[validate compose]"]]>
              </value>
            </param>
          </params>
          <reporter-output>
          </reporter-output>
        </test-method> <!-- runScenario -->
        <test-method is-config="true" signature="tearDownClass()[pri:0, instance:tests.Runner1smoketest@72cc7e6f]" started-at="2021-07-20T14:58:43 IST" name="tearDownClass" finished-at="2021-07-20T14:58:44 IST" duration-ms="567" status="PASS">
          <reporter-output>
          </reporter-output>
        </test-method> <!-- tearDownClass -->
      </class> <!-- tests.Runner1smoketest -->
    </test> <!-- Test -->
  </suite> <!-- Suite -->
</testng-results>
