<?xml version="1.0" encoding="UTF-8"?>
<testng-results skipped="0" failed="0" ignored="0" total="1" passed="1">
  <reporter-output>
  </reporter-output>
  <suite name="Default suite" duration-ms="46" started-at="2021-07-29T18:25:47 IST" finished-at="2021-07-29T18:25:47 IST">
    <groups>
    </groups>
    <test name="Default test" duration-ms="46" started-at="2021-07-29T18:25:47 IST" finished-at="2021-07-29T18:25:47 IST">
      <class name="mypack.Test1">
        <test-method status="PASS" signature="method1()[pri:0, instance:mypack.Test1@26a7b76d]" name="method1" duration-ms="10" started-at="2021-07-29T18:25:47 IST" finished-at="2021-07-29T18:25:47 IST">
          <reporter-output>
          </reporter-output>
        </test-method> <!-- method1 -->
      </class> <!-- mypack.Test1 -->
    </test> <!-- Default test -->
  </suite> <!-- Default suite -->
</testng-results>
